<?xml version="1.0" encoding="utf-8"?><testsuites name="pytest tests"><testsuite name="pytest" errors="0" failures="0" skipped="0" tests="7" time="0.187" timestamp="2026-07-30T14:57:59.499921+00:00" hostname="agent-env-3ab3a85e-e361-4fde-9b33-a9f34ec20a91"><testcase classname="tests.backend_test.TestBookingCreate" name="test_returns_201_with_required_fields" time="0.008" /><testcase classname="tests.backend_test.TestLegacyConfirm" name="test_no_redirect_json" time="0.011" /><testcase classname="tests.backend_test.TestLegacyConfirm" name="test_redirect_302" time="0.010" /><testcase classname="tests.backend_test.TestLegacyConfirm" name="test_invalid_token_401" time="0.004" /><testcase classname="tests.backend_test.TestBookingStatus" name="test_status_confirmed_after_confirm" time="0.013" /><testcase classname="tests.backend_test.TestBookingStatus" name="test_status_requested_initially" time="0.009" /><testcase classname="tests.backend_test.TestDriverLandingPage" name="test_valid_token_page_html" time="0.040" /></testsuite></testsuites>